f:\study\com_im\raytracingfram\ray\ray\x64\debug\vc143.pdb
f:\study\com_im\raytracingfram\ray\ray\x64\debug\vc143.idb
f:\study\com_im\raytracingfram\ray\ray\x64\debug\main.obj
f:\study\com_im\raytracingfram\ray\ray\x64\debug\classbase.obj
f:\study\com_im\raytracingfram\ray\ray\x64\debug\ray.ilk
f:\study\com_im\raytracingfram\ray\x64\debug\ray.pdb
f:\study\com_im\raytracingfram\ray\ray\x64\debug\ray.tlog\cl.command.1.tlog
f:\study\com_im\raytracingfram\ray\ray\x64\debug\ray.tlog\cl.items.tlog
f:\study\com_im\raytracingfram\ray\ray\x64\debug\ray.tlog\cl.read.1.tlog
f:\study\com_im\raytracingfram\ray\ray\x64\debug\ray.tlog\cl.write.1.tlog
f:\study\com_im\raytracingfram\ray\ray\x64\debug\ray.tlog\link.28680-cvtres.read.1.tlog
f:\study\com_im\raytracingfram\ray\ray\x64\debug\ray.tlog\link.28680-cvtres.write.1.tlog
f:\study\com_im\raytracingfram\ray\ray\x64\debug\ray.tlog\link.28680-rc.read.1.tlog
f:\study\com_im\raytracingfram\ray\ray\x64\debug\ray.tlog\link.28680-rc.write.1.tlog
f:\study\com_im\raytracingfram\ray\ray\x64\debug\ray.tlog\link.28680.read.1.tlog
f:\study\com_im\raytracingfram\ray\ray\x64\debug\ray.tlog\link.28680.read.2.tlog
f:\study\com_im\raytracingfram\ray\ray\x64\debug\ray.tlog\link.28680.read.3.tlog
f:\study\com_im\raytracingfram\ray\ray\x64\debug\ray.tlog\link.28680.read.4.tlog
f:\study\com_im\raytracingfram\ray\ray\x64\debug\ray.tlog\link.28680.read.5.tlog
f:\study\com_im\raytracingfram\ray\ray\x64\debug\ray.tlog\link.28680.write.1.tlog
f:\study\com_im\raytracingfram\ray\ray\x64\debug\ray.tlog\link.command.1.tlog
f:\study\com_im\raytracingfram\ray\ray\x64\debug\ray.tlog\link.read.1.tlog
f:\study\com_im\raytracingfram\ray\ray\x64\debug\ray.tlog\link.secondary.1.tlog
f:\study\com_im\raytracingfram\ray\ray\x64\debug\ray.tlog\link.write.1.tlog
